../src/character.c: In function 'update_character_digging':
../src/character.c:337:100: warning: suggest parentheses around '&&' within '||' [-Wparentheses]
  if (g_player_info.digging_count == 2 || (get_tile_index(self->extra, self->extra2) != SOLID_TILE) && get_tile_index(self->extra, self->extra2) != SOLID_TILE2) {
                                                                                                    ^
In file included from ../src/data.c:14:0:
../generated/map_summary.h:7:4: warning: initialization from incompatible pointer type
    map1, 
    ^
../generated/map_summary.h:7:4: warning: (near initialization for 'g_map[0]')
../generated/map_summary.h:8:4: warning: initialization from incompatible pointer type
    map2, 
    ^
../generated/map_summary.h:8:4: warning: (near initialization for 'g_map[1]')
../generated/map_summary.h:9:4: warning: initialization from incompatible pointer type
    map3, 
    ^
../generated/map_summary.h:9:4: warning: (near initialization for 'g_map[2]')
../generated/map_summary.h:10:4: warning: initialization from incompatible pointer type
    map4, 
    ^
../generated/map_summary.h:10:4: warning: (near initialization for 'g_map[3]')
../generated/map_summary.h:11:4: warning: initialization from incompatible pointer type
    map5, 
    ^
../generated/map_summary.h:11:4: warning: (near initialization for 'g_map[4]')
../generated/map_summary.h:12:4: warning: initialization from incompatible pointer type
    map6, 
    ^
../generated/map_summary.h:12:4: warning: (near initialization for 'g_map[5]')
../generated/map_summary.h:13:4: warning: initialization from incompatible pointer type
    map7, 
    ^
../generated/map_summary.h:13:4: warning: (near initialization for 'g_map[6]')
../generated/map_summary.h:14:4: warning: initialization from incompatible pointer type
    map8, 
    ^
../generated/map_summary.h:14:4: warning: (near initialization for 'g_map[7]')
../generated/map_summary.h:15:4: warning: initialization from incompatible pointer type
    map9, 
    ^
../generated/map_summary.h:15:4: warning: (near initialization for 'g_map[8]')
../generated/map_summary.h:16:4: warning: initialization from incompatible pointer type
    map10, 
    ^
../generated/map_summary.h:16:4: warning: (near initialization for 'g_map[9]')
../generated/map_summary.h:17:4: warning: initialization from incompatible pointer type
    map11, 
    ^
../generated/map_summary.h:17:4: warning: (near initialization for 'g_map[10]')
../generated/map_summary.h:18:4: warning: initialization from incompatible pointer type
    map12, 
    ^
../generated/map_summary.h:18:4: warning: (near initialization for 'g_map[11]')
../generated/map_summary.h:19:4: warning: initialization from incompatible pointer type
    map13, 
    ^
../generated/map_summary.h:19:4: warning: (near initialization for 'g_map[12]')
../generated/map_summary.h:20:4: warning: initialization from incompatible pointer type
    map14, 
    ^
../generated/map_summary.h:20:4: warning: (near initialization for 'g_map[13]')
../generated/map_summary.h:21:4: warning: initialization from incompatible pointer type
    map15, 
    ^
../generated/map_summary.h:21:4: warning: (near initialization for 'g_map[14]')
../src/main.c: In function 'draw_menu':
../src/main.c:62:14: warning: unused variable 'delay' [-Wunused-variable]
 ;    uint8_t delay = 0;
              ^
../src/main.c:43:13: warning: unused variable 'i' [-Wunused-variable]
     uint8_t i = 0;
             ^
In file included from ../djgpp/allegro/include/allegro/draw.h:66:0,
                 from ../djgpp/allegro/include/allegro.h:40,
                 from ../../src/backend/ubox_allegro.c:2:
../djgpp/allegro/include/allegro/inline/draw.inl: In function '_putpixel':
../djgpp/allegro/include/allegro/inline/draw.inl:413:1: warning: implicit declaration of function '_farsetsel' [-Wimplicit-function-declaration]
 AL_INLINE(void, _putpixel, (BITMAP *bmp, int x, int y, int color),
 ^
../djgpp/allegro/include/allegro/inline/draw.inl:413:1: warning: implicit declaration of function '_farnspokeb' [-Wimplicit-function-declaration]
../djgpp/allegro/include/allegro/inline/draw.inl: In function '_getpixel':
../djgpp/allegro/include/allegro/inline/draw.inl:424:1: warning: implicit declaration of function '_farnspeekb' [-Wimplicit-function-declaration]
 AL_INLINE(int, _getpixel, (BITMAP *bmp, int x, int y),
 ^
../djgpp/allegro/include/allegro/inline/draw.inl: In function '_putpixel15':
../djgpp/allegro/include/allegro/inline/draw.inl:438:1: warning: implicit declaration of function '_farnspokew' [-Wimplicit-function-declaration]
 AL_INLINE(void, _putpixel15, (BITMAP *bmp, int x, int y, int color),
 ^
../djgpp/allegro/include/allegro/inline/draw.inl: In function '_getpixel15':
../djgpp/allegro/include/allegro/inline/draw.inl:449:1: warning: implicit declaration of function '_farnspeekw' [-Wimplicit-function-declaration]
 AL_INLINE(int, _getpixel15, (BITMAP *bmp, int x, int y),
 ^
../djgpp/allegro/include/allegro/inline/draw.inl: In function '_getpixel24':
../djgpp/allegro/include/allegro/inline/draw.inl:499:1: warning: implicit declaration of function '_farnspeekl' [-Wimplicit-function-declaration]
 AL_INLINE(int, _getpixel24, (BITMAP *bmp, int x, int y),
 ^
../djgpp/allegro/include/allegro/inline/draw.inl: In function '_putpixel32':
../djgpp/allegro/include/allegro/inline/draw.inl:513:1: warning: implicit declaration of function '_farnspokel' [-Wimplicit-function-declaration]
 AL_INLINE(void, _putpixel32, (BITMAP *bmp, int x, int y, int color),
 ^
../../src/backend/ubox_allegro.c: In function 'ubox_init_game_system':
../../src/backend/ubox_allegro.c:277:2: warning: implicit declaration of function '_go32_dpmi_lock_data' [-Wimplicit-function-declaration]
  LOCK_VARIABLE(ticks); //Set timer variable
  ^
../../src/backend/ubox_allegro.c:279:2: warning: implicit declaration of function '_go32_dpmi_lock_code' [-Wimplicit-function-declaration]
  LOCK_FUNCTION(ticker); //Set timer function
  ^
../../src/backend/ubox_allegro.c:307:10: warning: unused variable 'buffer' [-Wunused-variable]
  BITMAP* buffer = NULL; //create backbuffer surface
          ^
../src/character.c: In function 'update_character_digging':
../src/character.c:337:100: warning: suggest parentheses around '&&' within '||' [-Wparentheses]
  if (g_player_info.digging_count == 2 || (get_tile_index(self->extra, self->extra2) != SOLID_TILE) && get_tile_index(self->extra, self->extra2) != SOLID_TILE2) {
                                                                                                    ^
In file included from ../src/data.c:14:0:
../generated/map_summary.h:7:4: warning: initialization from incompatible pointer type
    map1, 
    ^
../generated/map_summary.h:7:4: warning: (near initialization for 'g_map[0]')
../generated/map_summary.h:8:4: warning: initialization from incompatible pointer type
    map2, 
    ^
../generated/map_summary.h:8:4: warning: (near initialization for 'g_map[1]')
../generated/map_summary.h:9:4: warning: initialization from incompatible pointer type
    map3, 
    ^
../generated/map_summary.h:9:4: warning: (near initialization for 'g_map[2]')
../generated/map_summary.h:10:4: warning: initialization from incompatible pointer type
    map4, 
    ^
../generated/map_summary.h:10:4: warning: (near initialization for 'g_map[3]')
../generated/map_summary.h:11:4: warning: initialization from incompatible pointer type
    map5, 
    ^
../generated/map_summary.h:11:4: warning: (near initialization for 'g_map[4]')
../generated/map_summary.h:12:4: warning: initialization from incompatible pointer type
    map6, 
    ^
../generated/map_summary.h:12:4: warning: (near initialization for 'g_map[5]')
../generated/map_summary.h:13:4: warning: initialization from incompatible pointer type
    map7, 
    ^
../generated/map_summary.h:13:4: warning: (near initialization for 'g_map[6]')
../generated/map_summary.h:14:4: warning: initialization from incompatible pointer type
    map8, 
    ^
../generated/map_summary.h:14:4: warning: (near initialization for 'g_map[7]')
../generated/map_summary.h:15:4: warning: initialization from incompatible pointer type
    map9, 
    ^
../generated/map_summary.h:15:4: warning: (near initialization for 'g_map[8]')
../generated/map_summary.h:16:4: warning: initialization from incompatible pointer type
    map10, 
    ^
../generated/map_summary.h:16:4: warning: (near initialization for 'g_map[9]')
../generated/map_summary.h:17:4: warning: initialization from incompatible pointer type
    map11, 
    ^
../generated/map_summary.h:17:4: warning: (near initialization for 'g_map[10]')
../generated/map_summary.h:18:4: warning: initialization from incompatible pointer type
    map12, 
    ^
../generated/map_summary.h:18:4: warning: (near initialization for 'g_map[11]')
../generated/map_summary.h:19:4: warning: initialization from incompatible pointer type
    map13, 
    ^
../generated/map_summary.h:19:4: warning: (near initialization for 'g_map[12]')
../generated/map_summary.h:20:4: warning: initialization from incompatible pointer type
    map14, 
    ^
../generated/map_summary.h:20:4: warning: (near initialization for 'g_map[13]')
../generated/map_summary.h:21:4: warning: initialization from incompatible pointer type
    map15, 
    ^
../generated/map_summary.h:21:4: warning: (near initialization for 'g_map[14]')
../src/main.c: In function 'draw_menu':
../src/main.c:62:14: warning: unused variable 'delay' [-Wunused-variable]
 ;    uint8_t delay = 0;
              ^
../src/main.c:43:13: warning: unused variable 'i' [-Wunused-variable]
     uint8_t i = 0;
             ^
In file included from ../djgpp/allegro/include/allegro/draw.h:66:0,
                 from ../djgpp/allegro/include/allegro.h:40,
                 from ../../src/backend/ubox_allegro.c:2:
../djgpp/allegro/include/allegro/inline/draw.inl: In function '_putpixel':
../djgpp/allegro/include/allegro/inline/draw.inl:413:1: warning: implicit declaration of function '_farsetsel' [-Wimplicit-function-declaration]
 AL_INLINE(void, _putpixel, (BITMAP *bmp, int x, int y, int color),
 ^
../djgpp/allegro/include/allegro/inline/draw.inl:413:1: warning: implicit declaration of function '_farnspokeb' [-Wimplicit-function-declaration]
../djgpp/allegro/include/allegro/inline/draw.inl: In function '_getpixel':
../djgpp/allegro/include/allegro/inline/draw.inl:424:1: warning: implicit declaration of function '_farnspeekb' [-Wimplicit-function-declaration]
 AL_INLINE(int, _getpixel, (BITMAP *bmp, int x, int y),
 ^
../djgpp/allegro/include/allegro/inline/draw.inl: In function '_putpixel15':
../djgpp/allegro/include/allegro/inline/draw.inl:438:1: warning: implicit declaration of function '_farnspokew' [-Wimplicit-function-declaration]
 AL_INLINE(void, _putpixel15, (BITMAP *bmp, int x, int y, int color),
 ^
../djgpp/allegro/include/allegro/inline/draw.inl: In function '_getpixel15':
../djgpp/allegro/include/allegro/inline/draw.inl:449:1: warning: implicit declaration of function '_farnspeekw' [-Wimplicit-function-declaration]
 AL_INLINE(int, _getpixel15, (BITMAP *bmp, int x, int y),
 ^
../djgpp/allegro/include/allegro/inline/draw.inl: In function '_getpixel24':
../djgpp/allegro/include/allegro/inline/draw.inl:499:1: warning: implicit declaration of function '_farnspeekl' [-Wimplicit-function-declaration]
 AL_INLINE(int, _getpixel24, (BITMAP *bmp, int x, int y),
 ^
../djgpp/allegro/include/allegro/inline/draw.inl: In function '_putpixel32':
../djgpp/allegro/include/allegro/inline/draw.inl:513:1: warning: implicit declaration of function '_farnspokel' [-Wimplicit-function-declaration]
 AL_INLINE(void, _putpixel32, (BITMAP *bmp, int x, int y, int color),
 ^
../../src/backend/ubox_allegro.c: In function 'ubox_init_game_system':
../../src/backend/ubox_allegro.c:277:2: warning: implicit declaration of function '_go32_dpmi_lock_data' [-Wimplicit-function-declaration]
  LOCK_VARIABLE(ticks); //Set timer variable
  ^
../../src/backend/ubox_allegro.c:279:2: warning: implicit declaration of function '_go32_dpmi_lock_code' [-Wimplicit-function-declaration]
  LOCK_FUNCTION(ticker); //Set timer function
  ^
../../src/backend/ubox_allegro.c:307:10: warning: unused variable 'buffer' [-Wunused-variable]
  BITMAP* buffer = NULL; //create backbuffer surface
          ^
